<testsuites id="" name="" tests="3" failures="0" skipped="0" errors="0" time="10.673191000000001">
<testsuite name="07_Mock_API_Request.spec.ts" timestamp="2026-04-03T13:45:07.676Z" hostname="chromium" tests="1" failures="0" skipped="0" time="2.8" errors="0">
<testcase name="Mock API Request" classname="07_Mock_API_Request.spec.ts" time="2.8">
</testcase>
</testsuite>
<testsuite name="08_Mock_API_Response.spec.ts" timestamp="2026-04-03T13:45:07.676Z" hostname="chromium" tests="1" failures="0" skipped="0" time="3.088" errors="0">
<testcase name="Mock API Response" classname="08_Mock_API_Response.spec.ts" time="3.088">
</testcase>
</testsuite>
<testsuite name="09_Mock_From_HAR_File.spec.ts" timestamp="2026-04-03T13:45:07.676Z" hostname="chromium" tests="1" failures="0" skipped="0" time="2.721" errors="0">
<testcase name="Mock API from HAR file in Playwright" classname="09_Mock_From_HAR_File.spec.ts" time="2.721">
</testcase>
</testsuite>
</testsuites>